<?xml version="1.0" encoding="utf-8" standalone="no"?>
<!--This file represents the results of running a test suite-->
<test-results name="D:\Code\Magellan-Framework\src\Magellan.Tests\bin\Release\Magellan.Tests.dll" total="223" errors="3" failures="0" not-run="0" inconclusive="0" ignored="0" skipped="0" invalid="0" date="2010-08-03" time="23:05:13">
  <environment nunit-version="2.5.7.10213" clr-version="2.0.50727.4927" os-version="Microsoft Windows NT 6.1.7600.0" platform="Win32NT" cwd="D:\Code\Magellan-Framework\build" machine-name="PAUL-PC" user="Paul" user-domain="Paul-PC" />
  <culture-info current-culture="en-AU" current-uiculture="en-US" />
  <test-suite type="Assembly" name="D:\Code\Magellan-Framework\src\Magellan.Tests\bin\Release\Magellan.Tests.dll" executed="True" result="Failure" success="False" time="12.518" asserts="0">
    <results>
      <test-suite type="Namespace" name="Magellan" executed="True" result="Failure" success="False" time="12.516" asserts="0">
        <results>
          <test-suite type="Namespace" name="Tests" executed="True" result="Failure" success="False" time="12.515" asserts="0">
            <results>
              <test-suite type="Namespace" name="Behaviors" executed="True" result="Failure" success="False" time="2.069" asserts="0">
                <results>
                  <test-suite type="TestFixture" name="NavigateBehaviorTests" executed="True" result="Failure" success="False" time="2.069" asserts="0">
                    <results>
                      <test-case name="Magellan.Tests.Behaviors.NavigateBehaviorTests.ParametersCanUseDataContextBindings" executed="True" result="Error" success="False" time="1.798" asserts="0">
                        <failure>
                          <message><![CDATA[System.Windows.Markup.XamlParseException : 'Cannot create unknown type '{http://xamlforge.com/magellan}NavigateControllerAction'.' Line number '10' and line position '30'.
  ----> System.Xaml.XamlObjectWriterException : 'Cannot create unknown type '{http://xamlforge.com/magellan}NavigateControllerAction'.' Line number '10' and line position '30'.]]></message>
                          <stack-trace><![CDATA[at System.Windows.Markup.XamlReader.RewrapException(Exception e, IXamlLineInfo lineInfo, Uri baseUri)
at System.Windows.Markup.WpfXamlLoader.Load(XamlReader xamlReader, IXamlObjectWriterFactory writerFactory, Boolean skipJournaledProperties, Object rootObject, XamlObjectWriterSettings settings, Uri baseUri)
at System.Windows.Markup.WpfXamlLoader.Load(XamlReader xamlReader, Boolean skipJournaledProperties, Uri baseUri)
at System.Windows.Markup.XamlReader.Load(XamlReader xamlReader, ParserContext parserContext)
at System.Windows.Markup.XamlReader.Load(XmlReader reader, ParserContext parserContext, XamlParseMode parseMode)
at System.Windows.Markup.XamlReader.Load(XmlReader reader)
at System.Windows.Markup.XamlReader.Parse(String xamlText)
at Magellan.Tests.Helpers.TestWindow.LoadContent(String content) in d:\Code\Magellan-Framework\src\Magellan.Tests\Helpers\TestWindow.cs:line 24
at Magellan.Tests.Behaviors.NavigateBehaviorTests.ParametersCanUseDataContextBindings() in d:\Code\Magellan-Framework\src\Magellan.Tests\Behaviors\NavigateBehaviorTests.cs:line 36
--XamlObjectWriterException
at System.Xaml.XamlObjectWriter.WriteStartObject(XamlType xamlType)
at System.Xaml.XamlWriter.WriteNode(XamlReader reader)
at System.Windows.Markup.WpfXamlLoader.TransformNodes(XamlReader xamlReader, XamlObjectWriter xamlWriter, Boolean onlyLoadOneNode, Boolean skipJournaledProperties, Boolean shouldPassLineNumberInfo, IXamlLineInfo xamlLineInfo, IXamlLineInfoConsumer xamlLineInfoConsumer, XamlContextStack`1 stack, IStyleConnector styleConnector)
at System.Windows.Markup.WpfXamlLoader.Load(XamlReader xamlReader, IXamlObjectWriterFactory writerFactory, Boolean skipJournaledProperties, Object rootObject, XamlObjectWriterSettings settings, Uri baseUri)
]]></stack-trace>
                        </failure>
                      </test-case>
                      <test-case name="Magellan.Tests.Behaviors.NavigateBehaviorTests.ParametersCanUseElementBindings" executed="True" result="Error" success="False" time="0.134" asserts="0">
                        <failure>
                          <message><![CDATA[System.Windows.Markup.XamlParseException : 'Cannot create unknown type '{http://schemas.microsoft.com/winfx/2006/xaml/presentation}NavigateControllerAction'.' Line number '9' and line position '30'.
  ----> System.Xaml.XamlObjectWriterException : 'Cannot create unknown type '{http://schemas.microsoft.com/winfx/2006/xaml/presentation}NavigateControllerAction'.' Line number '9' and line position '30'.]]></message>
                          <stack-trace><![CDATA[at System.Windows.Markup.XamlReader.RewrapException(Exception e, IXamlLineInfo lineInfo, Uri baseUri)
at System.Windows.Markup.WpfXamlLoader.Load(XamlReader xamlReader, IXamlObjectWriterFactory writerFactory, Boolean skipJournaledProperties, Object rootObject, XamlObjectWriterSettings settings, Uri baseUri)
at System.Windows.Markup.WpfXamlLoader.Load(XamlReader xamlReader, Boolean skipJournaledProperties, Uri baseUri)
at System.Windows.Markup.XamlReader.Load(XamlReader xamlReader, ParserContext parserContext)
at System.Windows.Markup.XamlReader.Load(XmlReader reader, ParserContext parserContext, XamlParseMode parseMode)
at System.Windows.Markup.XamlReader.Load(XmlReader reader)
at System.Windows.Markup.XamlReader.Parse(String xamlText)
at Magellan.Tests.Helpers.TestWindow.LoadContent(String content) in d:\Code\Magellan-Framework\src\Magellan.Tests\Helpers\TestWindow.cs:line 24
at Magellan.Tests.Behaviors.NavigateBehaviorTests.ParametersCanUseElementBindings() in d:\Code\Magellan-Framework\src\Magellan.Tests\Behaviors\NavigateBehaviorTests.cs:line 68
--XamlObjectWriterException
at System.Xaml.XamlObjectWriter.WriteStartObject(XamlType xamlType)
at System.Xaml.XamlWriter.WriteNode(XamlReader reader)
at System.Windows.Markup.WpfXamlLoader.TransformNodes(XamlReader xamlReader, XamlObjectWriter xamlWriter, Boolean onlyLoadOneNode, Boolean skipJournaledProperties, Boolean shouldPassLineNumberInfo, IXamlLineInfo xamlLineInfo, IXamlLineInfoConsumer xamlLineInfoConsumer, XamlContextStack`1 stack, IStyleConnector styleConnector)
at System.Windows.Markup.WpfXamlLoader.Load(XamlReader xamlReader, IXamlObjectWriterFactory writerFactory, Boolean skipJournaledProperties, Object rootObject, XamlObjectWriterSettings settings, Uri baseUri)
]]></stack-trace>
                        </failure>
                      </test-case>
                      <test-case name="Magellan.Tests.Behaviors.NavigateBehaviorTests.ParametersCanUseRelativeSourceBindings" executed="True" result="Error" success="False" time="0.097" asserts="0">
                        <failure>
                          <message><![CDATA[System.Windows.Markup.XamlParseException : 'Cannot create unknown type '{http://xamlforge.com/magellan}NavigateControllerAction'.' Line number '10' and line position '30'.
  ----> System.Xaml.XamlObjectWriterException : 'Cannot create unknown type '{http://xamlforge.com/magellan}NavigateControllerAction'.' Line number '10' and line position '30'.]]></message>
                          <stack-trace><![CDATA[at System.Windows.Markup.XamlReader.RewrapException(Exception e, IXamlLineInfo lineInfo, Uri baseUri)
at System.Windows.Markup.WpfXamlLoader.Load(XamlReader xamlReader, IXamlObjectWriterFactory writerFactory, Boolean skipJournaledProperties, Object rootObject, XamlObjectWriterSettings settings, Uri baseUri)
at System.Windows.Markup.WpfXamlLoader.Load(XamlReader xamlReader, Boolean skipJournaledProperties, Uri baseUri)
at System.Windows.Markup.XamlReader.Load(XamlReader xamlReader, ParserContext parserContext)
at System.Windows.Markup.XamlReader.Load(XmlReader reader, ParserContext parserContext, XamlParseMode parseMode)
at System.Windows.Markup.XamlReader.Load(XmlReader reader)
at System.Windows.Markup.XamlReader.Parse(String xamlText)
at Magellan.Tests.Helpers.TestWindow.LoadContent(String content) in d:\Code\Magellan-Framework\src\Magellan.Tests\Helpers\TestWindow.cs:line 24
at Magellan.Tests.Behaviors.NavigateBehaviorTests.ParametersCanUseRelativeSourceBindings() in d:\Code\Magellan-Framework\src\Magellan.Tests\Behaviors\NavigateBehaviorTests.cs:line 97
--XamlObjectWriterException
at System.Xaml.XamlObjectWriter.WriteStartObject(XamlType xamlType)
at System.Xaml.XamlWriter.WriteNode(XamlReader reader)
at System.Windows.Markup.WpfXamlLoader.TransformNodes(XamlReader xamlReader, XamlObjectWriter xamlWriter, Boolean onlyLoadOneNode, Boolean skipJournaledProperties, Boolean shouldPassLineNumberInfo, IXamlLineInfo xamlLineInfo, IXamlLineInfoConsumer xamlLineInfoConsumer, XamlContextStack`1 stack, IStyleConnector styleConnector)
at System.Windows.Markup.WpfXamlLoader.Load(XamlReader xamlReader, IXamlObjectWriterFactory writerFactory, Boolean skipJournaledProperties, Object rootObject, XamlObjectWriterSettings settings, Uri baseUri)
]]></stack-trace>
                        </failure>
                      </test-case>
                    </results>
                  </test-suite>
                </results>
              </test-suite>
              <test-suite type="Namespace" name="Framework" executed="True" result="Success" success="True" time="1.367" asserts="0">
                <results>
                  <test-suite type="TestFixture" name="AsyncActionInvokerTests" executed="True" result="Success" success="True" time="0.250" asserts="0">
                    <results>
                      <test-case name="Magellan.Tests.Framework.AsyncActionInvokerTests.ShouldExecuteOnBackgroundThread" executed="True" result="Success" success="True" time="0.244" asserts="2" />
                      <test-case name="Magellan.Tests.Framework.AsyncActionInvokerTests.ShouldSetNameOfWorkerThread" executed="True" result="Success" success="True" time="0.003" asserts="2" />
                    </results>
                  </test-suite>
                  <test-suite type="TestFixture" name="AsyncControllerFactoryTests" executed="True" result="Success" success="True" time="0.044" asserts="0">
                    <results>
                      <test-case name="Magellan.Tests.Framework.AsyncControllerFactoryTests.ShouldIgnoreNonControllerBase" executed="True" result="Success" success="True" time="0.019" asserts="1" />
                      <test-case name="Magellan.Tests.Framework.AsyncControllerFactoryTests.ShouldSetActionInvokerIfControllerBase" executed="True" result="Success" success="True" time="0.023" asserts="1" />
                    </results>
                  </test-suite>
                  <test-suite type="TestFixture" name="AsyncControllerTests" executed="True" result="Success" success="True" time="0.000" asserts="0">
                    <results>
                      <test-case name="Magellan.Tests.Framework.AsyncControllerTests.ShouldSetActionInvoker" executed="True" result="Success" success="True" time="0.000" asserts="1" />
                    </results>
                  </test-suite>
                  <test-suite type="TestFixture" name="BackResultTests" executed="True" result="Success" success="True" time="0.014" asserts="0">
                    <results>
                      <test-case name="Magellan.Tests.Framework.BackResultTests.BackResultWithoutRemoveShouldCallNavigationService" executed="True" result="Success" success="True" time="0.012" asserts="0" />
                      <test-case name="Magellan.Tests.Framework.BackResultTests.BackResultWithRemoveShouldCallNavigationService" executed="True" result="Success" success="True" time="0.001" asserts="0" />
                    </results>
                  </test-suite>
                  <test-suite type="TestFixture" name="ControllerFactoryTests" executed="True" result="Success" success="True" time="0.029" asserts="0">
                    <results>
                      <test-case name="Magellan.Tests.Framework.ControllerFactoryTests.ControllerBuilderCallbackShouldNotBeInvokedUntilResolution" executed="True" result="Success" success="True" time="0.000" asserts="0" />
                      <test-case name="Magellan.Tests.Framework.ControllerFactoryTests.ControllerNameAndBuilderAreRequired" executed="True" result="Success" success="True" time="0.001" asserts="2" />
                      <test-case name="Magellan.Tests.Framework.ControllerFactoryTests.ControllerNamesAreNotCaseSensitiveWhenRegistering" executed="True" result="Success" success="True" time="0.001" asserts="1" />
                      <test-case name="Magellan.Tests.Framework.ControllerFactoryTests.ControllerNamesAreNotCaseSensitiveWhenResolving" executed="True" result="Success" success="True" time="0.000" asserts="0" />
                      <test-case name="Magellan.Tests.Framework.ControllerFactoryTests.ControllerNamesMustBeUnique" executed="True" result="Success" success="True" time="0.000" asserts="1" />
                      <test-case name="Magellan.Tests.Framework.ControllerFactoryTests.ShouldCreateAppropriateControllerByName" executed="True" result="Success" success="True" time="0.001" asserts="3" />
                      <test-case name="Magellan.Tests.Framework.ControllerFactoryTests.ShouldDisposeDisposableControllers" executed="True" result="Success" success="True" time="0.014" asserts="0" />
                      <test-case name="Magellan.Tests.Framework.ControllerFactoryTests.ShouldThrowOnUnrecognisedController" executed="True" result="Success" success="True" time="0.003" asserts="1" />
                    </results>
                  </test-suite>
                  <test-suite type="TestFixture" name="ControllerTests" executed="True" result="Success" success="True" time="0.026" asserts="0">
                    <results>
                      <test-case name="Magellan.Tests.Framework.ControllerTests.CancelReturnsCancelResult" executed="True" result="Success" success="True" time="0.007" asserts="1" />
                      <test-case name="Magellan.Tests.Framework.ControllerTests.DialogReturnsDialogResult" executed="True" result="Success" success="True" time="0.002" asserts="1" />
                      <test-case name="Magellan.Tests.Framework.ControllerTests.DialogShouldNotRequireRequestInformation" executed="True" result="Success" success="True" time="0.000" asserts="0" />
                      <test-case name="Magellan.Tests.Framework.ControllerTests.DialogWithNameReturnsDialogResult" executed="True" result="Success" success="True" time="0.000" asserts="1" />
                      <test-case name="Magellan.Tests.Framework.ControllerTests.PageReturnsPageResult" executed="True" result="Success" success="True" time="0.000" asserts="1" />
                      <test-case name="Magellan.Tests.Framework.ControllerTests.PageShouldNotRequireRequestInformation" executed="True" result="Success" success="True" time="0.000" asserts="0" />
                      <test-case name="Magellan.Tests.Framework.ControllerTests.PageWithNameReturnsPageResult" executed="True" result="Success" success="True" time="0.001" asserts="1" />
                      <test-case name="Magellan.Tests.Framework.ControllerTests.RedirectWithActionAndParametersReturnsRedirectResult" executed="True" result="Success" success="True" time="0.001" asserts="2" />
                      <test-case name="Magellan.Tests.Framework.ControllerTests.RedirectWithActionReturnsRedirectResult" executed="True" result="Success" success="True" time="0.000" asserts="2" />
                      <test-case name="Magellan.Tests.Framework.ControllerTests.RedirectWithControllerActionAndParametersReturnsRedirectResult" executed="True" result="Success" success="True" time="0.000" asserts="2" />
                      <test-case name="Magellan.Tests.Framework.ControllerTests.StartProcessByNameShouldReturnStartProcessResult" executed="True" result="Success" success="True" time="0.001" asserts="2" />
                      <test-case name="Magellan.Tests.Framework.ControllerTests.StartProcessByNameWaitShouldReturnStartProcessResult" executed="True" result="Success" success="True" time="0.001" asserts="2" />
                      <test-case name="Magellan.Tests.Framework.ControllerTests.StartProcessByNameWaitWithArgumentsShouldReturnStartProcessResult" executed="True" result="Success" success="True" time="0.001" asserts="3" />
                      <test-case name="Magellan.Tests.Framework.ControllerTests.StartProcessByNameWithArgumentsShouldReturnStartProcessResult" executed="True" result="Success" success="True" time="0.001" asserts="3" />
                      <test-case name="Magellan.Tests.Framework.ControllerTests.StartProcessDoesNotWaitForExitByDefault" executed="True" result="Success" success="True" time="0.000" asserts="2" />
                      <test-case name="Magellan.Tests.Framework.ControllerTests.StartProcessShouldReturnStartProcessResult" executed="True" result="Success" success="True" time="0.000" asserts="2" />
                      <test-case name="Magellan.Tests.Framework.ControllerTests.WindowReturnsWindowResult" executed="True" result="Success" success="True" time="0.001" asserts="1" />
                      <test-case name="Magellan.Tests.Framework.ControllerTests.WindowShouldNotRequireRequestInformation" executed="True" result="Success" success="True" time="0.000" asserts="0" />
                      <test-case name="Magellan.Tests.Framework.ControllerTests.WindowWithNameReturnsWindowResult" executed="True" result="Success" success="True" time="0.001" asserts="1" />
                    </results>
                  </test-suite>
                  <test-suite type="TestFixture" name="DefaultActionInvokerTests" executed="True" result="Success" success="True" time="0.055" asserts="0">
                    <results>
                      <test-case name="Magellan.Tests.Framework.DefaultActionInvokerTests.ActionNamesAreNotCaseSensitive" executed="True" result="Success" success="True" time="0.003" asserts="1" />
                      <test-case name="Magellan.Tests.Framework.DefaultActionInvokerTests.ActionShouldNotBeCalledWhenActionFilterOverridesResult" executed="True" result="Success" success="True" time="0.002" asserts="4" />
                      <test-case name="Magellan.Tests.Framework.DefaultActionInvokerTests.ActionsMayNotBePrivate" executed="True" result="Success" success="True" time="0.001" asserts="2" />
                      <test-case name="Magellan.Tests.Framework.DefaultActionInvokerTests.ActionsMayNotBeProtected" executed="True" result="Success" success="True" time="0.001" asserts="2" />
                      <test-case name="Magellan.Tests.Framework.DefaultActionInvokerTests.ActionsMayNotBeVoid" executed="True" result="Success" success="True" time="0.001" asserts="2" />
                      <test-case name="Magellan.Tests.Framework.DefaultActionInvokerTests.ActionsMustReturnActionResultOrDerived" executed="True" result="Success" success="True" time="0.001" asserts="2" />
                      <test-case name="Magellan.Tests.Framework.DefaultActionInvokerTests.ExceptionsCanBeSuppressedByFilters" executed="True" result="Success" success="True" time="0.003" asserts="8" />
                      <test-case name="Magellan.Tests.Framework.DefaultActionInvokerTests.ExceptionShouldNotBeWrapped" executed="True" result="Success" success="True" time="0.007" asserts="2" />
                      <test-case name="Magellan.Tests.Framework.DefaultActionInvokerTests.ResultsCanBeAvoidedByCancellation" executed="True" result="Success" success="True" time="0.003" asserts="4" />
                      <test-case name="Magellan.Tests.Framework.DefaultActionInvokerTests.ResultsCanBeAvoidedBySuppression" executed="True" result="Success" success="True" time="0.002" asserts="8" />
                      <test-case name="Magellan.Tests.Framework.DefaultActionInvokerTests.ResultsCanThrow" executed="True" result="Success" success="True" time="0.002" asserts="2" />
                      <test-case name="Magellan.Tests.Framework.DefaultActionInvokerTests.ShouldSelectCorrectAction" executed="True" result="Success" success="True" time="0.002" asserts="1" />
                      <test-case name="Magellan.Tests.Framework.DefaultActionInvokerTests.ShouldSelectCorrectActionByParameters" executed="True" result="Success" success="True" time="0.019" asserts="3" />
                    </results>
                  </test-suite>
                  <test-suite type="TestFixture" name="DefaultModelBinderTests" executed="True" result="Success" success="True" time="0.022" asserts="0">
                    <results>
                      <test-case name="Magellan.Tests.Framework.DefaultModelBinderTests.ParameterNamesAreNotCaseSensitive" executed="True" result="Success" success="True" time="0.001" asserts="1" />
                      <test-case name="Magellan.Tests.Framework.DefaultModelBinderTests.ShouldAttemptToUseTypeConverters" executed="True" result="Success" success="True" time="0.015" asserts="2" />
                      <test-case name="Magellan.Tests.Framework.DefaultModelBinderTests.ShouldHandleNullValues" executed="True" result="Success" success="True" time="0.000" asserts="1" />
                      <test-case name="Magellan.Tests.Framework.DefaultModelBinderTests.ShouldHandleNullValuesOnValueTypes" executed="True" result="Success" success="True" time="0.001" asserts="1" />
                      <test-case name="Magellan.Tests.Framework.DefaultModelBinderTests.ShouldMatchParameterNames" executed="True" result="Success" success="True" time="0.000" asserts="1" />
                      <test-case name="Magellan.Tests.Framework.DefaultModelBinderTests.UnmatchedParametersWillThrowException" executed="True" result="Success" success="True" time="0.003" asserts="1" />
                    </results>
                  </test-suite>
                  <test-suite type="TestFixture" name="DefaultViewActivatorTests" executed="True" result="Success" success="True" time="0.024" asserts="0">
                    <results>
                      <test-case name="Magellan.Tests.Framework.DefaultViewActivatorTests.DoesNotCacheInstances" executed="True" result="Success" success="True" time="0.022" asserts="1" />
                      <test-case name="Magellan.Tests.Framework.DefaultViewActivatorTests.OnlySupportsTypesWithPublicParameterlessConstructor" executed="True" result="Success" success="True" time="0.001" asserts="1" />
                      <test-case name="Magellan.Tests.Framework.DefaultViewActivatorTests.UsesActivatorClassToCreateObjects" executed="True" result="Success" success="True" time="0.000" asserts="2" />
                      <test-case name="Magellan.Tests.Framework.DefaultViewActivatorTests.ViewTypeIsRequired" executed="True" result="Success" success="True" time="0.000" asserts="1" />
                    </results>
                  </test-suite>
                  <test-suite type="TestFixture" name="DialogResultTests" executed="True" result="Success" success="True" time="0.002" asserts="0">
                    <results>
                      <test-case name="Magellan.Tests.Framework.DialogResultTests.ShouldAllowNullDialogName" executed="True" result="Success" success="True" time="0.000" asserts="0" />
                      <test-case name="Magellan.Tests.Framework.DialogResultTests.ShouldSetModel" executed="True" result="Success" success="True" time="0.001" asserts="1" />
                      <test-case name="Magellan.Tests.Framework.DialogResultTests.ShouldSetViewTypeToDialog" executed="True" result="Success" success="True" time="0.000" asserts="1" />
                    </results>
                  </test-suite>
                  <test-suite type="TestFixture" name="FrameworkElementViewEngineResultTest" executed="True" result="Success" success="True" time="0.005" asserts="0">
                    <results>
                      <test-case name="Magellan.Tests.Framework.FrameworkElementViewEngineResultTest.ShouldSetDataContextIfIViewIsNotImplemented" executed="True" result="Success" success="True" time="0.002" asserts="1" />
                      <test-case name="Magellan.Tests.Framework.FrameworkElementViewEngineResultTest.ShouldSetModelIfIViewIsImplemented" executed="True" result="Success" success="True" time="0.000" asserts="1" />
                      <test-case name="Magellan.Tests.Framework.FrameworkElementViewEngineResultTest.ShouldSetNavigatorIfINavigationAwareIsImplemented" executed="True" result="Success" success="True" time="0.000" asserts="1" />
                    </results>
                  </test-suite>
                  <test-suite type="TestFixture" name="ModelBinderDictionaryTests" executed="True" result="Success" success="True" time="0.029" asserts="0">
                    <results>
                      <test-case name="Magellan.Tests.Framework.ModelBinderDictionaryTests.ClearCanBeUsedToRemoveAllRegistrations" executed="True" result="Success" success="True" time="0.002" asserts="2" />
                      <test-case name="Magellan.Tests.Framework.ModelBinderDictionaryTests.ContainsCanBeUsedToCheckForPriorRegistration" executed="True" result="Success" success="True" time="0.004" asserts="3" />
                      <test-case name="Magellan.Tests.Framework.ModelBinderDictionaryTests.MultipleBindersCannotBeRegisteredForSameType" executed="True" result="Success" success="True" time="0.000" asserts="1" />
                      <test-case name="Magellan.Tests.Framework.ModelBinderDictionaryTests.RemoveCanBeUsedToUnregister" executed="True" result="Success" success="True" time="0.000" asserts="0" />
                      <test-case name="Magellan.Tests.Framework.ModelBinderDictionaryTests.ShouldAllowModelBindersToBeRegistered" executed="True" result="Success" success="True" time="0.000" asserts="0" />
                      <test-case name="Magellan.Tests.Framework.ModelBinderDictionaryTests.ShouldFallBackToDefaultBinder" executed="True" result="Success" success="True" time="0.000" asserts="1" />
                      <test-case name="Magellan.Tests.Framework.ModelBinderDictionaryTests.ShouldResolveBinder" executed="True" result="Success" success="True" time="0.001" asserts="1" />
                      <test-case name="Magellan.Tests.Framework.ModelBinderDictionaryTests.ShouldResolveBindersViaInheritance" executed="True" result="Success" success="True" time="0.000" asserts="1" />
                      <test-case name="Magellan.Tests.Framework.ModelBinderDictionaryTests.ShouldRespectExplicitDefaultBinder" executed="True" result="Success" success="True" time="0.000" asserts="1" />
                    </results>
                  </test-suite>
                  <test-suite type="TestFixture" name="PageResultTests" executed="True" result="Success" success="True" time="0.002" asserts="0">
                    <results>
                      <test-case name="Magellan.Tests.Framework.PageResultTests.ShouldAllowNullPageName" executed="True" result="Success" success="True" time="0.000" asserts="0" />
                      <test-case name="Magellan.Tests.Framework.PageResultTests.ShouldSetResetHistory" executed="True" result="Success" success="True" time="0.000" asserts="1" />
                      <test-case name="Magellan.Tests.Framework.PageResultTests.ShouldSetViewTypeToPage" executed="True" result="Success" success="True" time="0.001" asserts="1" />
                    </results>
                  </test-suite>
                  <test-suite type="TestFixture" name="PageViewEngineResultTests" executed="True" result="Success" success="True" time="0.041" asserts="0">
                    <results>
                      <test-case name="Magellan.Tests.Framework.PageViewEngineResultTests.ShouldResetNavigationHistoryWhenAsked" executed="True" result="Success" success="True" time="0.013" asserts="1" />
                      <test-case name="Magellan.Tests.Framework.PageViewEngineResultTests.ShouldSetModelAsDataContext" executed="True" result="Success" success="True" time="0.002" asserts="1" />
                      <test-case name="Magellan.Tests.Framework.PageViewEngineResultTests.ShouldSetModelAsModelIfViewImplementsIView" executed="True" result="Success" success="True" time="0.001" asserts="2" />
                      <test-case name="Magellan.Tests.Framework.PageViewEngineResultTests.ShouldShowRenderedPage" executed="True" result="Success" success="True" time="0.000" asserts="1" />
                      <test-case name="Magellan.Tests.Framework.PageViewEngineResultTests.ShouldUseViewActivatorToCreatePage" executed="True" result="Success" success="True" time="0.023" asserts="2" />
                    </results>
                  </test-suite>
                  <test-suite type="TestFixture" name="PageViewEngineTests" executed="True" result="Success" success="True" time="0.025" asserts="0">
                    <results>
                      <test-case name="Magellan.Tests.Framework.PageViewEngineTests.FiltersByTypesDerivedFromPage" executed="True" result="Success" success="True" time="0.015" asserts="2" />
                      <test-case name="Magellan.Tests.Framework.PageViewEngineTests.FindViewSameName" executed="True" result="Success" success="True" time="0.002" asserts="1" />
                      <test-case name="Magellan.Tests.Framework.PageViewEngineTests.FindViewSuffixedWithPage" executed="True" result="Success" success="True" time="0.002" asserts="1" />
                      <test-case name="Magellan.Tests.Framework.PageViewEngineTests.FindViewSuffixedWithView" executed="True" result="Success" success="True" time="0.001" asserts="1" />
                      <test-case name="Magellan.Tests.Framework.PageViewEngineTests.FindViewSuffixedWithViewPage" executed="True" result="Success" success="True" time="0.001" asserts="1" />
                      <test-case name="Magellan.Tests.Framework.PageViewEngineTests.IgnoresFindViewWhenViewTypeIsNotPage" executed="True" result="Success" success="True" time="0.003" asserts="2" />
                    </results>
                  </test-suite>
                  <test-suite type="TestFixture" name="RedirectResultTests" executed="True" result="Success" success="True" time="0.003" asserts="0">
                    <results>
                      <test-case name="Magellan.Tests.Framework.RedirectResultTests.RedirectResultShouldUseSuppliedNavigator" executed="True" result="Success" success="True" time="0.002" asserts="0" />
                    </results>
                  </test-suite>
                  <test-suite type="TestFixture" name="ReflectionBasedViewEngineTests" executed="True" result="Success" success="True" time="0.014" asserts="0">
                    <results>
                      <test-case name="Magellan.Tests.Framework.ReflectionBasedViewEngineTests.FindViewSameName" executed="True" result="Success" success="True" time="0.002" asserts="1" />
                      <test-case name="Magellan.Tests.Framework.ReflectionBasedViewEngineTests.FindViewSuffixedWithDialog" executed="True" result="Success" success="True" time="0.001" asserts="1" />
                      <test-case name="Magellan.Tests.Framework.ReflectionBasedViewEngineTests.FindViewSuffixedWithWindow" executed="True" result="Success" success="True" time="0.002" asserts="1" />
                      <test-case name="Magellan.Tests.Framework.ReflectionBasedViewEngineTests.FindViewTriesToFindClosestViewToController" executed="True" result="Success" success="True" time="0.004" asserts="41" />
                      <test-case name="Magellan.Tests.Framework.ReflectionBasedViewEngineTests.FindViewWalksHierarchy" executed="True" result="Success" success="True" time="0.004" asserts="4" />
                    </results>
                  </test-suite>
                  <test-suite type="TestFixture" name="RouteValueDictionaryTests" executed="True" result="Success" success="True" time="0.016" asserts="0">
                    <results>
                      <test-case name="Magellan.Tests.Framework.RouteValueDictionaryTests.CannotAddRangeSelf" executed="True" result="Success" success="True" time="0.001" asserts="1" />
                      <test-case name="Magellan.Tests.Framework.RouteValueDictionaryTests.CannotBeCreatedFromString" executed="True" result="Success" success="True" time="0.000" asserts="1" />
                      <test-case name="Magellan.Tests.Framework.RouteValueDictionaryTests.CannotBeCreatedFromValueType" executed="True" result="Success" success="True" time="0.001" asserts="1" />
                      <test-case name="Magellan.Tests.Framework.RouteValueDictionaryTests.ShouldIgnoreNullAddRange" executed="True" result="Success" success="True" time="0.001" asserts="0" />
                      <test-case name="Magellan.Tests.Framework.RouteValueDictionaryTests.ShouldNotOverrideAddItemsWhenToldNotTo" executed="True" result="Success" success="True" time="0.003" asserts="3" />
                      <test-case name="Magellan.Tests.Framework.RouteValueDictionaryTests.ShouldOverrideAddItemsWhenToldTo" executed="True" result="Success" success="True" time="0.001" asserts="3" />
                      <test-case name="Magellan.Tests.Framework.RouteValueDictionaryTests.WhenConstructedShouldBeEmpty" executed="True" result="Success" success="True" time="0.001" asserts="1" />
                      <test-case name="Magellan.Tests.Framework.RouteValueDictionaryTests.WhenConstructedWithDictionaryShouldCopyItems" executed="True" result="Success" success="True" time="0.000" asserts="3" />
                      <test-case name="Magellan.Tests.Framework.RouteValueDictionaryTests.WhenConstructedWithDictionaryShouldHandleNullDictionary" executed="True" result="Success" success="True" time="0.000" asserts="1" />
                      <test-case name="Magellan.Tests.Framework.RouteValueDictionaryTests.WhenConstructedWithObjectShouldHandleNull" executed="True" result="Success" success="True" time="0.001" asserts="1" />
                      <test-case name="Magellan.Tests.Framework.RouteValueDictionaryTests.WhenConstructedWithObjectShouldUsePropertiesAsKeys" executed="True" result="Success" success="True" time="0.001" asserts="3" />
                      <test-case name="Magellan.Tests.Framework.RouteValueDictionaryTests.WhenEnumeratedShouldYieldKeyValuePairs" executed="True" result="Success" success="True" time="0.004" asserts="5" />
                      <test-case name="Magellan.Tests.Framework.RouteValueDictionaryTests.WhenItemsAreRemovedShouldRemoveItem" executed="True" result="Success" success="True" time="0.000" asserts="5" />
                    </results>
                  </test-suite>
                  <test-suite type="TestFixture" name="SetTests" executed="True" result="Success" success="True" time="0.210" asserts="0">
                    <results>
                      <test-case name="Magellan.Tests.Framework.SetTests.ShouldAdd" executed="True" result="Success" success="True" time="0.003" asserts="3" />
                      <test-case name="Magellan.Tests.Framework.SetTests.ShouldAddRange" executed="True" result="Success" success="True" time="0.001" asserts="3" />
                      <test-case name="Magellan.Tests.Framework.SetTests.ShouldClear" executed="True" result="Success" success="True" time="0.001" asserts="1" />
                      <test-case name="Magellan.Tests.Framework.SetTests.ShouldContains" executed="True" result="Success" success="True" time="0.001" asserts="3" />
                      <test-case name="Magellan.Tests.Framework.SetTests.ShouldLockThreadsFromEditingCollectionWhenEnumerating" executed="True" result="Success" success="True" time="0.200" asserts="5" />
                      <test-case name="Magellan.Tests.Framework.SetTests.ShouldNotAddDuplicates" executed="True" result="Success" success="True" time="0.001" asserts="3" />
                      <test-case name="Magellan.Tests.Framework.SetTests.ShouldNotAddNulls" executed="True" result="Success" success="True" time="0.000" asserts="2" />
                      <test-case name="Magellan.Tests.Framework.SetTests.ShouldRemove" executed="True" result="Success" success="True" time="0.000" asserts="2" />
                      <test-case name="Magellan.Tests.Framework.SetTests.ShouldThrowIfSameThreadModifiesCollectionWhileEnumerating" executed="True" result="Success" success="True" time="0.000" asserts="1" />
                    </results>
                  </test-suite>
                  <test-suite type="TestFixture" name="StartProcessResultTests" executed="True" result="Success" success="True" time="0.106" asserts="0">
                    <results>
                      <test-case name="Magellan.Tests.Framework.StartProcessResultTests.ShouldStartProcess" executed="True" result="Success" success="True" time="0.043" asserts="1" />
                      <test-case name="Magellan.Tests.Framework.StartProcessResultTests.ShouldStartProcessWithArguments" executed="True" result="Success" success="True" time="0.014" asserts="2" />
                      <test-case name="Magellan.Tests.Framework.StartProcessResultTests.ShouldWaitForExitIfAsked" executed="True" result="Success" success="True" time="0.049" asserts="2" />
                    </results>
                  </test-suite>
                  <test-suite type="TestFixture" name="ViewEngineCollectionTests" executed="True" result="Success" success="True" time="0.031" asserts="0">
                    <results>
                      <test-case name="Magellan.Tests.Framework.ViewEngineCollectionTests.AsksEachViewEngineInTheOrderItWasCalled" executed="True" result="Success" success="True" time="0.025" asserts="1" />
                      <test-case name="Magellan.Tests.Framework.ViewEngineCollectionTests.CombinesAllErrorsWhenResultIsNotFound" executed="True" result="Success" success="True" time="0.004" asserts="4" />
                      <test-case name="Magellan.Tests.Framework.ViewEngineCollectionTests.MustRegisterViewEnginesBeforeFindingViews" executed="True" result="Success" success="True" time="0.001" asserts="1" />
                    </results>
                  </test-suite>
                  <test-suite type="TestFixture" name="ViewResultTests" executed="True" result="Success" success="True" time="0.065" asserts="0">
                    <results>
                      <test-case name="Magellan.Tests.Framework.ViewResultTests.ShouldAllowNullViewName" executed="True" result="Success" success="True" time="0.000" asserts="0" />
                      <test-case name="Magellan.Tests.Framework.ViewResultTests.ShouldInferNullViewNameFromAction" executed="True" result="Success" success="True" time="0.056" asserts="0" />
                      <test-case name="Magellan.Tests.Framework.ViewResultTests.ShouldPassViewNameToFindView" executed="True" result="Success" success="True" time="0.003" asserts="0" />
                      <test-case name="Magellan.Tests.Framework.ViewResultTests.ShouldSetModel" executed="True" result="Success" success="True" time="0.000" asserts="1" />
                      <test-case name="Magellan.Tests.Framework.ViewResultTests.ShouldThrowWhenViewNotFound" executed="True" result="Success" success="True" time="0.004" asserts="3" />
                    </results>
                  </test-suite>
                  <test-suite type="TestFixture" name="WindowResultTests" executed="True" result="Success" success="True" time="0.001" asserts="0">
                    <results>
                      <test-case name="Magellan.Tests.Framework.WindowResultTests.ShouldAllowNullWindowName" executed="True" result="Success" success="True" time="0.000" asserts="0" />
                      <test-case name="Magellan.Tests.Framework.WindowResultTests.ShouldSetViewTypeToWindow" executed="True" result="Success" success="True" time="0.000" asserts="1" />
                    </results>
                  </test-suite>
                  <test-suite type="TestFixture" name="WindowViewEngineResultTests" executed="True" result="Success" success="True" time="0.305" asserts="0">
                    <results>
                      <test-case name="Magellan.Tests.Framework.WindowViewEngineResultTests.ShouldSetModelAsDataContext" executed="True" result="Success" success="True" time="0.071" asserts="1" />
                      <test-case name="Magellan.Tests.Framework.WindowViewEngineResultTests.ShouldSetModelAsModelIfViewImplementsIView" executed="True" result="Success" success="True" time="0.067" asserts="2" />
                      <test-case name="Magellan.Tests.Framework.WindowViewEngineResultTests.ShouldShowAsDialogWhenAsked" executed="True" result="Success" success="True" time="0.024" asserts="2" />
                      <test-case name="Magellan.Tests.Framework.WindowViewEngineResultTests.ShouldShowRenderedWindow" executed="True" result="Success" success="True" time="0.060" asserts="2" />
                      <test-case name="Magellan.Tests.Framework.WindowViewEngineResultTests.ShouldUseViewActivatorToCreateWindow" executed="True" result="Success" success="True" time="0.083" asserts="1" />
                    </results>
                  </test-suite>
                  <test-suite type="TestFixture" name="WindowViewEngineTests" executed="True" result="Success" success="True" time="0.020" asserts="0">
                    <results>
                      <test-case name="Magellan.Tests.Framework.WindowViewEngineTests.FiltersByTypesDerivedFromWindow" executed="True" result="Success" success="True" time="0.005" asserts="2" />
                      <test-case name="Magellan.Tests.Framework.WindowViewEngineTests.FindViewSameName" executed="True" result="Success" success="True" time="0.001" asserts="1" />
                      <test-case name="Magellan.Tests.Framework.WindowViewEngineTests.FindViewSuffixedWithDialog" executed="True" result="Success" success="True" time="0.001" asserts="1" />
                      <test-case name="Magellan.Tests.Framework.WindowViewEngineTests.FindViewSuffixedWithView" executed="True" result="Success" success="True" time="0.001" asserts="1" />
                      <test-case name="Magellan.Tests.Framework.WindowViewEngineTests.FindViewSuffixedWithViewDialog" executed="True" result="Success" success="True" time="0.001" asserts="1" />
                      <test-case name="Magellan.Tests.Framework.WindowViewEngineTests.FindViewSuffixedWithViewWindow" executed="True" result="Success" success="True" time="0.002" asserts="1" />
                      <test-case name="Magellan.Tests.Framework.WindowViewEngineTests.FindViewSuffixedWithWindow" executed="True" result="Success" success="True" time="0.001" asserts="1" />
                      <test-case name="Magellan.Tests.Framework.WindowViewEngineTests.IgnoresFindViewWhenViewTypeIsNotWindowOrDialog" executed="True" result="Success" success="True" time="0.002" asserts="2" />
                    </results>
                  </test-suite>
                </results>
              </test-suite>
              <test-suite type="Namespace" name="Integration" executed="True" result="Success" success="True" time="8.440" asserts="0">
                <results>
                  <test-suite type="TestFixture" name="ContentBasedNavigationIntegrationTests" executed="True" result="Success" success="True" time="0.998" asserts="0">
                    <results>
                      <test-case name="Magellan.Tests.Integration.ContentBasedNavigationIntegrationTests.AfterNavigationBackAndForwardShouldStillBeDisabled" executed="True" result="Success" success="True" time="0.266" asserts="3" />
                      <test-case name="Magellan.Tests.Integration.ContentBasedNavigationIntegrationTests.HistoryRelatedActionsAreNoOps" executed="True" result="Success" success="True" time="0.267" asserts="4" />
                      <test-case name="Magellan.Tests.Integration.ContentBasedNavigationIntegrationTests.ProgressListenersShouldBeNotified" executed="True" result="Success" success="True" time="0.172" asserts="11" />
                      <test-case name="Magellan.Tests.Integration.ContentBasedNavigationIntegrationTests.ShouldBeAbleToNavigateBetweenViews" executed="True" result="Success" success="True" time="0.171" asserts="2" />
                      <test-case name="Magellan.Tests.Integration.ContentBasedNavigationIntegrationTests.WhenStartingBackAndForwardShouldBeDisabled" executed="True" result="Success" success="True" time="0.122" asserts="2" />
                    </results>
                  </test-suite>
                  <test-suite type="TestFixture" name="FrameBasedNavigationIntegrationTests" executed="True" result="Success" success="True" time="2.925" asserts="0">
                    <results>
                      <test-case name="Magellan.Tests.Integration.FrameBasedNavigationIntegrationTests.BackAndForwardNavigationShouldWorkForMvcNavigation" executed="True" result="Success" success="True" time="0.769" asserts="2" />
                      <test-case name="Magellan.Tests.Integration.FrameBasedNavigationIntegrationTests.BackAndForwardNavigationShouldWorkForRegularNavigation" executed="True" result="Success" success="True" time="0.247" asserts="3" />
                      <test-case name="Magellan.Tests.Integration.FrameBasedNavigationIntegrationTests.BackResultNavigatesBack" executed="True" result="Success" success="True" time="0.239" asserts="2" />
                      <test-case name="Magellan.Tests.Integration.FrameBasedNavigationIntegrationTests.ControllersThatThrowShouldCancelNavigation" executed="True" result="Success" success="True" time="0.184" asserts="3" />
                      <test-case name="Magellan.Tests.Integration.FrameBasedNavigationIntegrationTests.ModelsShouldBePassedToViews" executed="True" result="Success" success="True" time="0.195" asserts="2" />
                      <test-case name="Magellan.Tests.Integration.FrameBasedNavigationIntegrationTests.ProgressListenersShouldBeNotified" executed="True" result="Success" success="True" time="0.161" asserts="11" />
                      <test-case name="Magellan.Tests.Integration.FrameBasedNavigationIntegrationTests.RedirectSendsToRedirectedPage" executed="True" result="Success" success="True" time="0.219" asserts="1" />
                      <test-case name="Magellan.Tests.Integration.FrameBasedNavigationIntegrationTests.ResetNavigationHistory" executed="True" result="Success" success="True" time="0.372" asserts="5" />
                      <test-case name="Magellan.Tests.Integration.FrameBasedNavigationIntegrationTests.ReturnResultNavigatesBackAndRemovesFromJournal" executed="True" result="Success" success="True" time="0.205" asserts="2" />
                      <test-case name="Magellan.Tests.Integration.FrameBasedNavigationIntegrationTests.ShouldBeAbleToNavigateBetweenViews" executed="True" result="Success" success="True" time="0.187" asserts="2" />
                      <test-case name="Magellan.Tests.Integration.FrameBasedNavigationIntegrationTests.WhenStartingBackAndForwardShouldBeDisabled" executed="True" result="Success" success="True" time="0.142" asserts="2" />
                    </results>
                  </test-suite>
                  <test-suite type="TestFixture" name="TransitionsIntegrationTest" executed="True" result="Success" success="True" time="4.516" asserts="0">
                    <results>
                      <test-case name="Magellan.Tests.Integration.TransitionsIntegrationTest.NavigateWithTransitions" executed="True" result="Success" success="True" time="4.516" asserts="7" />
                    </results>
                  </test-suite>
                </results>
              </test-suite>
              <test-suite type="TestFixture" name="NavigatorExtensionsTests" executed="True" result="Success" success="True" time="0.010" asserts="0">
                <results>
                  <test-case name="Magellan.Tests.NavigatorExtensionsTests.CanNavigateUsingControllerLambda" executed="True" result="Success" success="True" time="0.010" asserts="4" />
                </results>
              </test-suite>
              <test-suite type="TestFixture" name="NavigatorFactoryTests" executed="True" result="Success" success="True" time="0.235" asserts="0">
                <results>
                  <test-case name="Magellan.Tests.NavigatorFactoryTests.CanCreateNavigatorForASourceElementWhenInATree" executed="True" result="Success" success="True" time="0.205" asserts="0" />
                  <test-case name="Magellan.Tests.NavigatorFactoryTests.CanCreateNavigatorForASourceElementWhenNavigatorAlreadySet" executed="True" result="Success" success="True" time="0.001" asserts="1" />
                  <test-case name="Magellan.Tests.NavigatorFactoryTests.CanCreateNavigatorForContentFrame" executed="True" result="Success" success="True" time="0.000" asserts="0" />
                  <test-case name="Magellan.Tests.NavigatorFactoryTests.CanCreateNavigatorForFrame" executed="True" result="Success" success="True" time="0.001" asserts="0" />
                  <test-case name="Magellan.Tests.NavigatorFactoryTests.CanCreateNavigatorForINavigationService" executed="True" result="Success" success="True" time="0.022" asserts="0" />
                  <test-case name="Magellan.Tests.NavigatorFactoryTests.CanCreateNavigatorForNavigationService" executed="True" result="Success" success="True" time="0.001" asserts="0" />
                  <test-case name="Magellan.Tests.NavigatorFactoryTests.CreatingNavigatorsForCommonUIElementsIsNotAllowed" executed="True" result="Success" success="True" time="0.001" asserts="1" />
                  <test-case name="Magellan.Tests.NavigatorFactoryTests.ResolverIsRequired" executed="True" result="Success" success="True" time="0.001" asserts="1" />
                  <test-case name="Magellan.Tests.NavigatorFactoryTests.SourceElementsNotInATreeWhenNavigatingWillThrow" executed="True" result="Success" success="True" time="0.001" asserts="1" />
                </results>
              </test-suite>
              <test-suite type="TestFixture" name="NavigatorTests" executed="True" result="Success" success="True" time="0.069" asserts="0">
                <results>
                  <test-case name="Magellan.Tests.NavigatorTests.FactoryProvidesAccessToCreator" executed="True" result="Success" success="True" time="0.021" asserts="1" />
                  <test-case name="Magellan.Tests.NavigatorTests.NavigateToPathResolvesRightController" executed="True" result="Success" success="True" time="0.004" asserts="0" />
                  <test-case name="Magellan.Tests.NavigatorTests.NavigateToRouteResolvesRightController" executed="True" result="Success" success="True" time="0.003" asserts="0" />
                  <test-case name="Magellan.Tests.NavigatorTests.NavigatingToUnrecognizedPathThrows" executed="True" result="Success" success="True" time="0.003" asserts="1" />
                  <test-case name="Magellan.Tests.NavigatorTests.NavigatingToUnrecognizedRouteThrows" executed="True" result="Success" success="True" time="0.003" asserts="1" />
                  <test-case name="Magellan.Tests.NavigatorTests.NonStringableRequestsHaveAdditionalUriData" executed="True" result="Success" success="True" time="0.024" asserts="0" />
                  <test-case name="Magellan.Tests.NavigatorTests.StringableRequestsDoNotHaveAdditionalUriData" executed="True" result="Success" success="True" time="0.007" asserts="0" />
                </results>
              </test-suite>
              <test-suite type="Namespace" name="Routing" executed="True" result="Success" success="True" time="0.067" asserts="0">
                <results>
                  <test-suite type="TestFixture" name="LiteralSegmentRecognizerTests" executed="True" result="Success" success="True" time="0.002" asserts="0">
                    <results>
                      <test-case name="Magellan.Tests.Routing.LiteralSegmentRecognizerTests.NegativeRecognizeTest" executed="True" result="Success" success="True" time="0.001" asserts="8" />
                      <test-case name="Magellan.Tests.Routing.LiteralSegmentRecognizerTests.PositiveRecognizeTest" executed="True" result="Success" success="True" time="0.001" asserts="4" />
                    </results>
                  </test-suite>
                  <test-suite type="TestFixture" name="LiteralSegmentTests" executed="True" result="Success" success="True" time="0.004" asserts="0">
                    <results>
                      <test-case name="Magellan.Tests.Routing.LiteralSegmentTests.NegativeEvaluateTest" executed="True" result="Success" success="True" time="0.000" asserts="1" />
                      <test-case name="Magellan.Tests.Routing.LiteralSegmentTests.ParameterNameIsRequired" executed="True" result="Success" success="True" time="0.001" asserts="3" />
                      <test-case name="Magellan.Tests.Routing.LiteralSegmentTests.PathIsNotCaseSensitive" executed="True" result="Success" success="True" time="0.000" asserts="1" />
                      <test-case name="Magellan.Tests.Routing.LiteralSegmentTests.PositiveEvaluateTest" executed="True" result="Success" success="True" time="0.000" asserts="1" />
                    </results>
                  </test-suite>
                  <test-suite type="TestFixture" name="ParameterSegmentRecognizerTests" executed="True" result="Success" success="True" time="0.001" asserts="0">
                    <results>
                      <test-case name="Magellan.Tests.Routing.ParameterSegmentRecognizerTests.NegativeRecognizeTest" executed="True" result="Success" success="True" time="0.001" asserts="12" />
                      <test-case name="Magellan.Tests.Routing.ParameterSegmentRecognizerTests.PositiveRecognizeTest" executed="True" result="Success" success="True" time="0.000" asserts="3" />
                    </results>
                  </test-suite>
                  <test-suite type="TestFixture" name="ParameterSegmentTests" executed="True" result="Success" success="True" time="0.006" asserts="0">
                    <results>
                      <test-case name="Magellan.Tests.Routing.ParameterSegmentTests.ConstraintsTreatedAsConstraints" executed="True" result="Success" success="True" time="0.001" asserts="3" />
                      <test-case name="Magellan.Tests.Routing.ParameterSegmentTests.EvaluateConstrained" executed="True" result="Success" success="True" time="0.001" asserts="3" />
                      <test-case name="Magellan.Tests.Routing.ParameterSegmentTests.EvaluateDefaulted" executed="True" result="Success" success="True" time="0.000" asserts="2" />
                      <test-case name="Magellan.Tests.Routing.ParameterSegmentTests.EvaluateValue" executed="True" result="Success" success="True" time="0.000" asserts="2" />
                      <test-case name="Magellan.Tests.Routing.ParameterSegmentTests.NonStringsOrRegexesMustBeContraints" executed="True" result="Success" success="True" time="0.001" asserts="1" />
                      <test-case name="Magellan.Tests.Routing.ParameterSegmentTests.RegexConstraintsTreatedAsRegexConstraints" executed="True" result="Success" success="True" time="0.001" asserts="3" />
                      <test-case name="Magellan.Tests.Routing.ParameterSegmentTests.StringConstraintsTreatedAsRegexConstraints" executed="True" result="Success" success="True" time="0.000" asserts="3" />
                    </results>
                  </test-suite>
                  <test-suite type="TestFixture" name="PathIteratorTests" executed="True" result="Success" success="True" time="0.003" asserts="0">
                    <results>
                      <test-case name="Magellan.Tests.Routing.PathIteratorTests.ConsumeDoubleSeperatorTest" executed="True" result="Success" success="True" time="0.000" asserts="5" />
                      <test-case name="Magellan.Tests.Routing.PathIteratorTests.ConsumeEmptyTest" executed="True" result="Success" success="True" time="0.000" asserts="2" />
                      <test-case name="Magellan.Tests.Routing.PathIteratorTests.ConsumeTest" executed="True" result="Success" success="True" time="0.001" asserts="5" />
                      <test-case name="Magellan.Tests.Routing.PathIteratorTests.ReadAllConsumesPath" executed="True" result="Success" success="True" time="0.001" asserts="2" />
                    </results>
                  </test-suite>
                  <test-suite type="TestFixture" name="PathSplitterTests" executed="True" result="Success" success="True" time="0.002" asserts="0">
                    <results>
                      <test-case name="Magellan.Tests.Routing.PathSplitterTests.SplitEmptyTest" executed="True" result="Success" success="True" time="0.000" asserts="1" />
                      <test-case name="Magellan.Tests.Routing.PathSplitterTests.SplitInconsistentSlashesTest" executed="True" result="Success" success="True" time="0.000" asserts="6" />
                      <test-case name="Magellan.Tests.Routing.PathSplitterTests.SplitNullTest" executed="True" result="Success" success="True" time="0.000" asserts="1" />
                    </results>
                  </test-suite>
                  <test-suite type="TestFixture" name="RegexConstraintTests" executed="True" result="Success" success="True" time="0.001" asserts="0">
                    <results>
                      <test-case name="Magellan.Tests.Routing.RegexConstraintTests.CaseInsensitiveByDefault" executed="True" result="Success" success="True" time="0.000" asserts="1" />
                      <test-case name="Magellan.Tests.Routing.RegexConstraintTests.MatchTest" executed="True" result="Success" success="True" time="0.000" asserts="2" />
                    </results>
                  </test-suite>
                  <test-suite type="TestFixture" name="RouteTests" executed="True" result="Success" success="True" time="0.001" asserts="0">
                    <results>
                      <test-case name="Magellan.Tests.Routing.RouteTests.RouteValuesTest" executed="True" result="Success" success="True" time="0.001" asserts="2" />
                    </results>
                  </test-suite>
                  <test-suite type="TestFixture" name="RoutingBehavior" executed="True" result="Success" success="True" time="0.026" asserts="0">
                    <results>
                      <test-case name="Magellan.Tests.Routing.RoutingBehavior.RoutePathFormatsAreVeryForgiving" executed="True" result="Success" success="True" time="0.001" asserts="0" />
                      <test-case name="Magellan.Tests.Routing.RoutingBehavior.ShouldCreatePathFromRoute" executed="True" result="Success" success="True" time="0.001" asserts="4" />
                      <test-case name="Magellan.Tests.Routing.RoutingBehavior.ShouldFailOnLongerRoutes" executed="True" result="Success" success="True" time="0.000" asserts="2" />
                      <test-case name="Magellan.Tests.Routing.RoutingBehavior.ShouldFailToMatchWhenNonParameterizedDefaultsAreNotMatched" executed="True" result="Success" success="True" time="0.001" asserts="2" />
                      <test-case name="Magellan.Tests.Routing.RoutingBehavior.ShouldMatchCatchAll" executed="True" result="Success" success="True" time="0.004" asserts="8" />
                      <test-case name="Magellan.Tests.Routing.RoutingBehavior.ShouldMatchCorrectRouteWhenUnambiguous" executed="True" result="Success" success="True" time="0.001" asserts="4" />
                      <test-case name="Magellan.Tests.Routing.RoutingBehavior.ShouldMatchDefaultedParameters" executed="True" result="Success" success="True" time="0.003" asserts="28" />
                      <test-case name="Magellan.Tests.Routing.RoutingBehavior.ShouldMatchFirstRouteWhenAmbiguous" executed="True" result="Success" success="True" time="0.000" asserts="2" />
                      <test-case name="Magellan.Tests.Routing.RoutingBehavior.ShouldMatchSingleStatic" executed="True" result="Success" success="True" time="0.000" asserts="1" />
                      <test-case name="Magellan.Tests.Routing.RoutingBehavior.ShouldMatchSingleVariable" executed="True" result="Success" success="True" time="0.001" asserts="3" />
                      <test-case name="Magellan.Tests.Routing.RoutingBehavior.ShouldMatchStaticVariable" executed="True" result="Success" success="True" time="0.001" asserts="3" />
                      <test-case name="Magellan.Tests.Routing.RoutingBehavior.ShouldMatchStaticVariableVariable" executed="True" result="Success" success="True" time="0.001" asserts="5" />
                      <test-case name="Magellan.Tests.Routing.RoutingBehavior.ShouldMatchUsingConstraints" executed="True" result="Success" success="True" time="0.001" asserts="9" />
                      <test-case name="Magellan.Tests.Routing.RoutingBehavior.UnmatchedRoutesShouldProduceNiceErrorMessage" executed="True" result="Success" success="True" time="0.000" asserts="2" />
                      <test-case name="Magellan.Tests.Routing.RoutingBehavior.ValidationShouldPickUpCommonRouteErrorsAtRegistration" executed="True" result="Success" success="True" time="0.002" asserts="6" />
                    </results>
                  </test-suite>
                </results>
              </test-suite>
              <test-suite type="Namespace" name="Utilities" executed="True" result="Success" success="True" time="0.233" asserts="0">
                <results>
                  <test-suite type="TestFixture" name="GuardTests" executed="True" result="Success" success="True" time="0.003" asserts="0">
                    <results>
                      <test-case name="Magellan.Tests.Utilities.GuardTests.ArgumentIsOfTypeTest" executed="True" result="Success" success="True" time="0.001" asserts="2" />
                      <test-case name="Magellan.Tests.Utilities.GuardTests.ArgumentNullOrEmptyTest" executed="True" result="Success" success="True" time="0.001" asserts="3" />
                      <test-case name="Magellan.Tests.Utilities.GuardTests.ArgumentNullTest" executed="True" result="Success" success="True" time="0.000" asserts="1" />
                    </results>
                  </test-suite>
                  <test-suite type="TestFixture" name="PropertyValueListerTests" executed="True" result="Success" success="True" time="0.003" asserts="0">
                    <results>
                      <test-case name="Magellan.Tests.Utilities.PropertyValueListerTests.GetPropertiesOnAnoymousObject" executed="True" result="Success" success="True" time="0.001" asserts="3" />
                      <test-case name="Magellan.Tests.Utilities.PropertyValueListerTests.GetPropertiesWithNullTarget" executed="True" result="Success" success="True" time="0.000" asserts="2" />
                    </results>
                  </test-suite>
                  <test-suite type="TestFixture" name="UIElementExtensionsTests" executed="True" result="Success" success="True" time="0.225" asserts="0">
                    <results>
                      <test-case name="Magellan.Tests.Utilities.UIElementExtensionsTests.ToggleSuppressInputTest" executed="True" result="Success" success="True" time="0.225" asserts="6" />
                    </results>
                  </test-suite>
                </results>
              </test-suite>
            </results>
          </test-suite>
        </results>
      </test-suite>
    </results>
  </test-suite>
</test-results>